Сборка начата 28.02.18 00:24:04.
     1>Проект "E:\Study\Labs\4 semester\КСиС\lab1\Server\Server\Server.vcxproj" в узле 2 (целевые объекты Build).
     1>ClCompile:
         C:\Program Files (x86)\Microsoft Visual Studio 14.0\VC\bin\CL.exe /c /ZI /nologo /W3 /WX- /Od /Oy- /D WIN32 /D _DEBUG /D _CONSOLE /D _UNICODE /D UNICODE /Gm /EHsc /RTC1 /MDd /GS /fp:precise /Zc:wchar_t /Zc:forScope /Zc:inline /Fo"Debug\\" /Fd"Debug\vc140.pdb" /Gd /TC /analyze- /errorReport:prompt Server.c
         Server.c
     1>e:\study\labs\4 semester\ксис\lab1\server\server\server.c(18): warning C4047: функция: "char *" отличается по уровням косвенного обращения от "char (*)[1024]"
     1>e:\study\labs\4 semester\ксис\lab1\server\server\server.c(18): warning C4024: recv: различные типы для формального и фактического параметров 2
     1>e:\study\labs\4 semester\ксис\lab1\server\server\server.c(43): warning C4047: функция: "int *" отличается по уровням косвенного обращения от "unsigned int"
     1>e:\study\labs\4 semester\ксис\lab1\server\server\server.c(43): warning C4024: accept: различные типы для формального и фактического параметров 3
     1>e:\study\labs\4 semester\ксис\lab1\server\server\server.c(46): warning C4047: функция: "SIZE_T" отличается по уровням косвенного обращения от "void *"
     1>e:\study\labs\4 semester\ксис\lab1\server\server\server.c(46): warning C4024: CreateThread: различные типы для формального и фактического параметров 2
     1>e:\study\labs\4 semester\ксис\lab1\server\server\server.c(47): warning C4047: функция: "DWORD" отличается по уровням косвенного обращения от "void *"
     1>e:\study\labs\4 semester\ксис\lab1\server\server\server.c(47): warning C4024: CreateThread: различные типы для формального и фактического параметров 5
     1>e:\study\labs\4 semester\ксис\lab1\server\server\server.c(50): warning C4098: main: функция типа "void", возвращающая значение
       Link:
         C:\Program Files (x86)\Microsoft Visual Studio 14.0\VC\bin\link.exe /ERRORREPORT:PROMPT /OUT:"E:\Study\Labs\4 semester\КСиС\lab1\Server\Debug\Server.exe" /INCREMENTAL /NOLOGO ws2_32.lib kernel32.lib user32.lib gdi32.lib winspool.lib comdlg32.lib advapi32.lib shell32.lib ole32.lib oleaut32.lib uuid.lib odbc32.lib odbccp32.lib kernel32.lib user32.lib gdi32.lib winspool.lib comdlg32.lib advapi32.lib shell32.lib ole32.lib oleaut32.lib uuid.lib odbc32.lib odbccp32.lib /MANIFEST /MANIFESTUAC:"level='asInvoker' uiAccess='false'" /manifest:embed /Debug /PDB:"E:\Study\Labs\4 semester\КСиС\lab1\Server\Debug\Server.pdb" /SUBSYSTEM:CONSOLE /TLBID:1 /DYNAMICBASE /NXCOMPAT /IMPLIB:"E:\Study\Labs\4 semester\КСиС\lab1\Server\Debug\Server.lib" /MACHINE:X86 Debug\Server.obj
         Server.vcxproj -> E:\Study\Labs\4 semester\КСиС\lab1\Server\Debug\Server.exe
     1>Сборка проекта "E:\Study\Labs\4 semester\КСиС\lab1\Server\Server\Server.vcxproj" завершена (целевые объекты Build).

Сборка успешно завершена.

Затраченное время: 00:00:01.54
