Сборка начата 01.03.18 20:42:47.
     1>Проект "E:\Study\Labs\4 semester\КСиС\lab1\Server\Server\Server.vcxproj" в узле 2 (целевые объекты Build).
     1>ClCompile:
         C:\Program Files (x86)\Microsoft Visual Studio 14.0\VC\bin\x86_amd64\CL.exe /c /ZI /nologo /W3 /WX- /Od /D _DEBUG /D _CONSOLE /D _UNICODE /D UNICODE /Gm /EHsc /RTC1 /MDd /GS /fp:precise /Zc:wchar_t /Zc:forScope /Zc:inline /Fo"x64\Debug\\" /Fd"x64\Debug\vc140.pdb" /Gd /TC /errorReport:prompt Server.c
         Server.c
     1>e:\study\labs\4 semester\ксис\lab1\server\server\server.c(19): warning C4047: функция: "char *" отличается по уровням косвенного обращения от "char (*)[1024]"
     1>e:\study\labs\4 semester\ксис\lab1\server\server\server.c(19): warning C4024: recv: различные типы для формального и фактического параметров 2
     1>e:\study\labs\4 semester\ксис\lab1\server\server\server.c(31): warning C4047: функция: "char *" отличается по уровням косвенного обращения от "char (*)[1024]"
     1>e:\study\labs\4 semester\ксис\lab1\server\server\server.c(31): warning C4024: recv: различные типы для формального и фактического параметров 2
     1>e:\study\labs\4 semester\ксис\lab1\server\server\server.c(37): warning C4996: 'strcpy': This function or variable may be unsafe. Consider using strcpy_s instead. To disable deprecation, use _CRT_SECURE_NO_WARNINGS. See online help for details.
         c:\program files (x86)\windows kits\10\include\10.0.10150.0\ucrt\string.h(119): note:  см. объявление "strcpy"
     1>e:\study\labs\4 semester\ксис\lab1\server\server\server.c(93): warning C4047: функция: "char *" отличается по уровням косвенного обращения от "char (*)[1024]"
     1>e:\study\labs\4 semester\ксис\lab1\server\server\server.c(93): warning C4024: recv: различные типы для формального и фактического параметров 2
     1>e:\study\labs\4 semester\ксис\lab1\server\server\server.c(96): warning C4554: &: проверьте порядок применения операторов на наличие ошибки; для четкого задания порядка используйте скобки
     1>e:\study\labs\4 semester\ксис\lab1\server\server\server.c(123): warning C4047: функция: "SIZE_T" отличается по уровням косвенного обращения от "void *"
     1>e:\study\labs\4 semester\ксис\lab1\server\server\server.c(123): warning C4024: CreateThread: различные типы для формального и фактического параметров 2
     1>e:\study\labs\4 semester\ксис\lab1\server\server\server.c(123): warning C4047: функция: "DWORD" отличается по уровням косвенного обращения от "void *"
     1>e:\study\labs\4 semester\ксис\lab1\server\server\server.c(123): warning C4024: CreateThread: различные типы для формального и фактического параметров 5
     1>e:\study\labs\4 semester\ксис\lab1\server\server\server.c(127): warning C4098: main: функция типа "void", возвращающая значение
     1>e:\study\labs\4 semester\ксис\lab1\server\server\server.c(62): warning C4996: 'scanf': This function or variable may be unsafe. Consider using scanf_s instead. To disable deprecation, use _CRT_SECURE_NO_WARNINGS. See online help for details.
         c:\program files (x86)\windows kits\10\include\10.0.10150.0\ucrt\stdio.h(1270): note:  см. объявление "scanf"
     1>e:\study\labs\4 semester\ксис\lab1\server\server\server.c(103): warning C4996: 'strcpy': This function or variable may be unsafe. Consider using strcpy_s instead. To disable deprecation, use _CRT_SECURE_NO_WARNINGS. See online help for details.
         c:\program files (x86)\windows kits\10\include\10.0.10150.0\ucrt\string.h(119): note:  см. объявление "strcpy"
       Link:
         C:\Program Files (x86)\Microsoft Visual Studio 14.0\VC\bin\x86_amd64\link.exe /ERRORREPORT:PROMPT /OUT:"E:\Study\Labs\4 semester\КСиС\lab1\Server\x64\Debug\Server.exe" /INCREMENTAL /NOLOGO ws2_32.lib kernel32.lib user32.lib gdi32.lib winspool.lib comdlg32.lib advapi32.lib shell32.lib ole32.lib oleaut32.lib uuid.lib odbc32.lib odbccp32.lib kernel32.lib user32.lib gdi32.lib winspool.lib comdlg32.lib advapi32.lib shell32.lib ole32.lib oleaut32.lib uuid.lib odbc32.lib odbccp32.lib /MANIFEST /MANIFESTUAC:"level='asInvoker' uiAccess='false'" /manifest:embed /Debug /PDB:"E:\Study\Labs\4 semester\КСиС\lab1\Server\x64\Debug\Server.pdb" /SUBSYSTEM:CONSOLE /TLBID:1 /DYNAMICBASE /NXCOMPAT /IMPLIB:"E:\Study\Labs\4 semester\КСиС\lab1\Server\x64\Debug\Server.lib" /MACHINE:X64 x64\Debug\Server.obj
         Server.vcxproj -> E:\Study\Labs\4 semester\КСиС\lab1\Server\x64\Debug\Server.exe
     1>Сборка проекта "E:\Study\Labs\4 semester\КСиС\lab1\Server\Server\Server.vcxproj" завершена (целевые объекты Build).

Сборка успешно завершена.

Затраченное время: 00:00:01.67
